[    4330ms] [ERROR] Failed to load resource: the server responded with a status of 400 (Bad Request) @ http://localhost:3000/_next/image?url=http%3A%2F%2Flocalhost%3A3000%2Fpayload%2Fapi%2Fmedia%2Ffile%2FNUTRA-800_Tropicana-C4-Web-Banner-Request---April-2026-C4-Original-2000x500px_v2_2_2026295-093035.webp%3Fprefix%3Dmedia&w=1920&q=100:0
[    4333ms] [ERROR] Failed to load resource: the server responded with a status of 400 (Bad Request) @ http://localhost:3000/_next/image?url=http%3A%2F%2Flocalhost%3A3000%2Fpayload%2Fapi%2Fmedia%2Ffile%2FNUTRA-800_Tropicana-C4-Web-Banner-Request---April-2026-C4-Original-767x550px_v2_2026295-093035.webp%3Fprefix%3Dmedia&w=1920&q=100:0
[    4362ms] [ERROR] Failed to load resource: the server responded with a status of 400 (Bad Request) @ http://localhost:3000/_next/image?url=http%3A%2F%2Flocalhost%3A3000%2Fpayload%2Fapi%2Fmedia%2Ffile%2FTropicana_JuneDeal_2000x500_2026036-101657.png%3Fprefix%3Dmedia&w=1920&q=100:0
[    4365ms] [ERROR] Failed to load resource: the server responded with a status of 400 (Bad Request) @ http://localhost:3000/_next/image?url=http%3A%2F%2Flocalhost%3A3000%2Fpayload%2Fapi%2Fmedia%2Ffile%2FTropicana_JuneDeal_767x500_2026036-101657.png%3Fprefix%3Dmedia&w=1920&q=100:0
[    4832ms] [INFO] %cDownload the React DevTools for a better development experience: https://react.dev/link/react-devtools font-weight:bold @ http://localhost:3000/_next/static/chunks/0m0y_next_dist_0w3qlx8._.js:2971
[    5032ms] [LOG] [HMR] connected @ http://localhost:3000/_next/static/chunks/0m0y_next_dist_0w3qlx8._.js:2971
[    5643ms] [ERROR] Failed to load resource: the server responded with a status of 400 (Bad Request) @ http://localhost:3000/_next/image?url=http%3A%2F%2Flocalhost%3A3000%2Fpayload%2Fapi%2Fmedia%2Ffile%2FNUTRA-800_Tropicana-C4-Web-Banner-Request---April-2026-C4-Original-2000x500px_v2_2_2026295-093035.webp%3Fprefix%3Dmedia&w=1920&q=100:0
[    5645ms] [ERROR] Failed to load resource: the server responded with a status of 400 (Bad Request) @ http://localhost:3000/_next/image?url=http%3A%2F%2Flocalhost%3A3000%2Fpayload%2Fapi%2Fmedia%2Ffile%2FNUTRA-800_Tropicana-C4-Web-Banner-Request---April-2026-C4-Original-767x550px_v2_2026295-093035.webp%3Fprefix%3Dmedia&w=1920&q=100:0
[    5645ms] [ERROR] Failed to load resource: the server responded with a status of 400 (Bad Request) @ http://localhost:3000/_next/image?url=http%3A%2F%2Flocalhost%3A3000%2Fpayload%2Fapi%2Fmedia%2Ffile%2FTropicana_JuneDeal_2000x500_2026036-101657.png%3Fprefix%3Dmedia&w=1920&q=100:0
[    5645ms] [ERROR] Failed to load resource: the server responded with a status of 400 (Bad Request) @ http://localhost:3000/_next/image?url=http%3A%2F%2Flocalhost%3A3000%2Fpayload%2Fapi%2Fmedia%2Ffile%2FTropicana_JuneDeal_767x500_2026036-101657.png%3Fprefix%3Dmedia&w=1920&q=100:0
[    5679ms] [ERROR] Failed to load resource: the server responded with a status of 400 (Bad Request) @ http://localhost:3000/_next/image?url=http%3A%2F%2Flocalhost%3A3000%2Fpayload%2Fapi%2Fmedia%2Ffile%2FNUTRA-800_Tropicana-C4-Web-Banner-Request---April-2026-C4-Original-2000x500px_v2_2_2026295-093035.webp%3Fprefix%3Dmedia&w=1920&q=100:0
[    5684ms] [ERROR] Failed to load resource: the server responded with a status of 400 (Bad Request) @ http://localhost:3000/_next/image?url=http%3A%2F%2Flocalhost%3A3000%2Fpayload%2Fapi%2Fmedia%2Ffile%2FNUTRA-800_Tropicana-C4-Web-Banner-Request---April-2026-C4-Original-767x550px_v2_2026295-093035.webp%3Fprefix%3Dmedia&w=1920&q=100:0
[    5686ms] [ERROR] Failed to load resource: the server responded with a status of 400 (Bad Request) @ http://localhost:3000/_next/image?url=http%3A%2F%2Flocalhost%3A3000%2Fpayload%2Fapi%2Fmedia%2Ffile%2FTropicana_JuneDeal_2000x500_2026036-101657.png%3Fprefix%3Dmedia&w=1920&q=100:0
[    5688ms] [ERROR] Failed to load resource: the server responded with a status of 400 (Bad Request) @ http://localhost:3000/_next/image?url=http%3A%2F%2Flocalhost%3A3000%2Fpayload%2Fapi%2Fmedia%2Ffile%2FTropicana_JuneDeal_767x500_2026036-101657.png%3Fprefix%3Dmedia&w=1920&q=100:0
[    5698ms] [ERROR] Failed to load resource: the server responded with a status of 400 (Bad Request) @ http://localhost:3000/_next/image?url=http%3A%2F%2Flocalhost%3A3000%2Fpayload%2Fapi%2Fmedia%2Ffile%2FNUTRA-800_Tropicana-C4-Web-Banner-Request---April-2026-C4-Original-2000x500px_v2_2_2026295-093035.webp%3Fprefix%3Dmedia&w=1920&q=100:0
[    5713ms] [ERROR] Failed to load resource: the server responded with a status of 400 (Bad Request) @ http://localhost:3000/_next/image?url=http%3A%2F%2Flocalhost%3A3000%2Fpayload%2Fapi%2Fmedia%2Ffile%2FNUTRA-800_Tropicana-C4-Web-Banner-Request---April-2026-C4-Original-767x550px_v2_2026295-093035.webp%3Fprefix%3Dmedia&w=1920&q=100:0
[    5717ms] [ERROR] Failed to load resource: the server responded with a status of 400 (Bad Request) @ http://localhost:3000/_next/image?url=http%3A%2F%2Flocalhost%3A3000%2Fpayload%2Fapi%2Fmedia%2Ffile%2FTropicana_JuneDeal_2000x500_2026036-101657.png%3Fprefix%3Dmedia&w=1920&q=100:0
[    5724ms] [ERROR] Failed to load resource: the server responded with a status of 400 (Bad Request) @ http://localhost:3000/_next/image?url=http%3A%2F%2Flocalhost%3A3000%2Fpayload%2Fapi%2Fmedia%2Ffile%2FTropicana_JuneDeal_767x500_2026036-101657.png%3Fprefix%3Dmedia&w=1920&q=100:0
[    5729ms] [ERROR] Failed to load resource: the server responded with a status of 400 (Bad Request) @ http://localhost:3000/_next/image?url=http%3A%2F%2Flocalhost%3A3000%2Fpayload%2Fapi%2Fmedia%2Ffile%2FNUTRA-800_Tropicana-C4-Web-Banner-Request---April-2026-C4-Original-2000x500px_v2_2_2026295-093035.webp%3Fprefix%3Dmedia&w=1920&q=100:0
[    5734ms] [ERROR] Failed to load resource: the server responded with a status of 400 (Bad Request) @ http://localhost:3000/_next/image?url=http%3A%2F%2Flocalhost%3A3000%2Fpayload%2Fapi%2Fmedia%2Ffile%2FNUTRA-800_Tropicana-C4-Web-Banner-Request---April-2026-C4-Original-767x550px_v2_2026295-093035.webp%3Fprefix%3Dmedia&w=1920&q=100:0
[    5744ms] [ERROR] Failed to load resource: the server responded with a status of 400 (Bad Request) @ http://localhost:3000/_next/image?url=http%3A%2F%2Flocalhost%3A3000%2Fpayload%2Fapi%2Fmedia%2Ffile%2FTropicana_JuneDeal_2000x500_2026036-101657.png%3Fprefix%3Dmedia&w=1920&q=100:0
[    5745ms] [ERROR] Failed to load resource: the server responded with a status of 400 (Bad Request) @ http://localhost:3000/_next/image?url=http%3A%2F%2Flocalhost%3A3000%2Fpayload%2Fapi%2Fmedia%2Ffile%2FTropicana_JuneDeal_767x500_2026036-101657.png%3Fprefix%3Dmedia&w=1920&q=100:0
